<?xml version="1.0" encoding="UTF-8"?>
<!-- Generated by org.testng.reporters.JUnitReportReporter -->
<testsuite skipped="0" hostname="PRASHANT" name="testkarna.Test1" tests="1" failures="0" timestamp="2021-11-11T21:13:07 IST" time="0.017" errors="0">
  <testcase name="test1" time="0.017" classname="testkarna.Test1"/>
  <system-out/>
</testsuite> <!-- testkarna.Test1 -->
