<?xml version="1.0" encoding="UTF-8"?>
<!-- Generated by org.testng.reporters.JUnitReportReporter -->
<testsuite skipped="0" hostname="PRASHANT" name="testkarna.TestData" tests="1" failures="0" timestamp="2021-11-12T19:48:01 IST" time="0.024" errors="0">
  <testcase name="readdata" time="0.024" classname="testkarna.TestData"/>
  <system-out/>
</testsuite> <!-- testkarna.TestData -->
